18:23:03 **** Incremental Build of configuration Debug for project BitCounter ****
make all 
Building file: ../counter.c
Invoking: Cygwin C Compiler
gcc -O0 -g3 -Wall -c -fmessage-length=0 -MMD -MP -MF"counter.d" -MT"counter.d" -o "counter.o" "../counter.c"
cygwin warning:
  MS-DOS style path detected: D:\Eletronica\Projetos\workspace\BitCounter\Debug
  Preferred POSIX equivalent is: /cygdrive/d/Eletronica/Projetos/workspace/BitCounter/Debug
  CYGWIN environment variable option "nodosfilewarning" turns off this warning.
  Consult the user's guide for more details about POSIX paths:
    http://cygwin.com/cygwin-ug-net/using.html#using-pathnames
../counter.c: In function 'main':
../counter.c:27:2: warning: format '%x' expects argument of type 'unsigned int', but argument 2 has type 'long unsigned int' [-Wformat=]
  printf("%x\n", sizeof(char));
  ^
../counter.c:27:2: warning: format '%x' expects argument of type 'unsigned int', but argument 2 has type 'long unsigned int' [-Wformat=]
Finished building: ../counter.c
 
Building target: BitCounter.exe
Invoking: Cygwin C Linker
gcc  -o "BitCounter.exe"  ./counter.o   
Finished building target: BitCounter.exe
 

18:23:06 Build Finished (took 3s.451ms)

